{"numFailedTestSuites":0,"numFailedTests":0,"numPassedTestSuites":6,"numPassedTests":25,"numPendingTestSuites":0,"numPendingTests":0,"numRuntimeErrorTestSuites":0,"numTodoTests":0,"numTotalTestSuites":6,"numTotalTests":25,"openHandles":[],"snapshot":{"added":0,"didUpdate":false,"failure":false,"filesAdded":0,"filesRemoved":0,"filesRemovedList":[],"filesUnmatched":0,"filesUpdated":0,"matched":0,"total":0,"unchecked":0,"uncheckedKeysByFile":[],"unmatched":0,"updated":0},"startTime":1775380394498,"success":true,"testResults":[{"assertionResults":[{"ancestorTitles":["database integration"],"duration":187,"failing":false,"failureDetails":[],"failureMessages":[],"fullName":"database integration GET /test returns users from the real database","invocations":1,"location":null,"numPassingAsserts":3,"retryReasons":[],"startAt":1775380395317,"status":"passed","title":"GET /test returns users from the real database"},{"ancestorTitles":["database integration"],"duration":428,"failing":false,"failureDetails":[],"failureMessages":[],"fullName":"database integration POST /api/login authenticates a real database user and stores a token","invocations":1,"location":null,"numPassingAsserts":5,"retryReasons":[],"startAt":1775380395505,"status":"passed","title":"POST /api/login authenticates a real database user and stores a token"},{"ancestorTitles":["database integration"],"duration":366,"failing":false,"failureDetails":[],"failureMessages":[],"fullName":"database integration POST /api/login rejects an invalid password for a real database user","invocations":1,"location":null,"numPassingAsserts":3,"retryReasons":[],"startAt":1775380395934,"status":"passed","title":"POST /api/login rejects an invalid password for a real database user"}],"endTime":1775380396306,"message":"","name":"/home/ragederp/Desktop/boom2/boom5/ecom-project/__tests__/database.integration.test.js","startTime":1775380394600,"status":"passed","summary":""},{"assertionResults":[{"ancestorTitles":["admin api routes"],"duration":85,"failing":false,"failureDetails":[],"failureMessages":[],"fullName":"admin api routes GET /api/admin/audit-logs returns recent audit entries for admins","invocations":1,"location":null,"numPassingAsserts":2,"retryReasons":[],"startAt":1775380396471,"status":"passed","title":"GET /api/admin/audit-logs returns recent audit entries for admins"},{"ancestorTitles":["admin api routes"],"duration":86,"failing":false,"failureDetails":[],"failureMessages":[],"fullName":"admin api routes POST /api/admin/ban-user/:id bans a user","invocations":1,"location":null,"numPassingAsserts":2,"retryReasons":[],"startAt":1775380396556,"status":"passed","title":"POST /api/admin/ban-user/:id bans a user"},{"ancestorTitles":["admin api routes"],"duration":87,"failing":false,"failureDetails":[],"failureMessages":[],"fullName":"admin api routes GET /api/admin/users returns paginated user data","invocations":1,"location":null,"numPassingAsserts":4,"retryReasons":[],"startAt":1775380396642,"status":"passed","title":"GET /api/admin/users returns paginated user data"}],"endTime":1775380396730,"message":"","name":"/home/ragederp/Desktop/boom2/boom5/ecom-project/__tests__/admin.api.test.js","startTime":1775380396330,"status":"passed","summary":""},{"assertionResults":[{"ancestorTitles":["buyer api routes"],"duration":69,"failing":false,"failureDetails":[],"failureMessages":[],"fullName":"buyer api routes GET /api/buyer/products returns listed products for buyers","invocations":1,"location":null,"numPassingAsserts":3,"retryReasons":[],"startAt":1775380396842,"status":"passed","title":"GET /api/buyer/products returns listed products for buyers"},{"ancestorTitles":["buyer api routes"],"duration":72,"failing":false,"failureDetails":[],"failureMessages":[],"fullName":"buyer api routes GET /api/buyer/products/:id returns a specific listed product","invocations":1,"location":null,"numPassingAsserts":3,"retryReasons":[],"startAt":1775380396911,"status":"passed","title":"GET /api/buyer/products/:id returns a specific listed product"},{"ancestorTitles":["buyer api routes"],"duration":113,"failing":false,"failureDetails":[],"failureMessages":[],"fullName":"buyer api routes GET /api/buyer/products rejects unauthenticated requests","invocations":1,"location":null,"numPassingAsserts":2,"retryReasons":[],"startAt":1775380396983,"status":"passed","title":"GET /api/buyer/products rejects unauthenticated requests"},{"ancestorTitles":["buyer api routes"],"duration":76,"failing":false,"failureDetails":[],"failureMessages":[],"fullName":"buyer api routes GET /api/buyer/products rejects non-buyer users","invocations":1,"location":null,"numPassingAsserts":2,"retryReasons":[],"startAt":1775380397097,"status":"passed","title":"GET /api/buyer/products rejects non-buyer users"},{"ancestorTitles":["buyer api routes"],"duration":82,"failing":false,"failureDetails":[],"failureMessages":[],"fullName":"buyer api routes POST /api/buyer/cart validates product and quantity","invocations":1,"location":null,"numPassingAsserts":2,"retryReasons":[],"startAt":1775380397173,"status":"passed","title":"POST /api/buyer/cart validates product and quantity"},{"ancestorTitles":["buyer api routes"],"duration":80,"failing":false,"failureDetails":[],"failureMessages":[],"fullName":"buyer api routes GET /api/buyer/cart returns cart totals for the current buyer","invocations":1,"location":null,"numPassingAsserts":5,"retryReasons":[],"startAt":1775380397255,"status":"passed","title":"GET /api/buyer/cart returns cart totals for the current buyer"},{"ancestorTitles":["buyer api routes"],"duration":95,"failing":false,"failureDetails":[],"failureMessages":[],"fullName":"buyer api routes POST /api/buyer/cart adds an available product to cart","invocations":1,"location":null,"numPassingAsserts":3,"retryReasons":[],"startAt":1775380397344,"status":"passed","title":"POST /api/buyer/cart adds an available product to cart"}],"endTime":1775380397440,"message":"","name":"/home/ragederp/Desktop/boom2/boom5/ecom-project/__tests__/buyer.api.test.js","startTime":1775380396743,"status":"passed","summary":""},{"assertionResults":[{"ancestorTitles":["protected routes"],"duration":101,"failing":false,"failureDetails":[],"failureMessages":[],"fullName":"protected routes unauthenticated GET /buyer/home redirects to /login","invocations":1,"location":null,"numPassingAsserts":2,"retryReasons":[],"startAt":1775380397528,"status":"passed","title":"unauthenticated GET /buyer/home redirects to /login"},{"ancestorTitles":["protected routes"],"duration":159,"failing":false,"failureDetails":[],"failureMessages":[],"fullName":"protected routes authenticated buyer can access /buyer/home","invocations":1,"location":null,"numPassingAsserts":2,"retryReasons":[],"startAt":1775380397633,"status":"passed","title":"authenticated buyer can access /buyer/home"},{"ancestorTitles":["protected routes"],"duration":73,"failing":false,"failureDetails":[],"failureMessages":[],"fullName":"protected routes authenticated seller is redirected away from /buyer/home","invocations":1,"location":null,"numPassingAsserts":2,"retryReasons":[],"startAt":1775380397792,"status":"passed","title":"authenticated seller is redirected away from /buyer/home"},{"ancestorTitles":["protected routes"],"duration":88,"failing":false,"failureDetails":[],"failureMessages":[],"fullName":"protected routes authenticated admin can access /admin/audit","invocations":1,"location":null,"numPassingAsserts":2,"retryReasons":[],"startAt":1775380397866,"status":"passed","title":"authenticated admin can access /admin/audit"}],"endTime":1775380397956,"message":"","name":"/home/ragederp/Desktop/boom2/boom5/ecom-project/__tests__/protected.routes.test.js","startTime":1775380397453,"status":"passed","summary":""},{"assertionResults":[{"ancestorTitles":["seller api routes"],"duration":76,"failing":false,"failureDetails":[],"failureMessages":[],"fullName":"seller api routes GET /api/seller/products returns products for authenticated sellers","invocations":1,"location":null,"numPassingAsserts":3,"retryReasons":[],"startAt":1775380398077,"status":"passed","title":"GET /api/seller/products returns products for authenticated sellers"},{"ancestorTitles":["seller api routes"],"duration":73,"failing":false,"failureDetails":[],"failureMessages":[],"fullName":"seller api routes GET /api/seller/products rejects non-seller users","invocations":1,"location":null,"numPassingAsserts":2,"retryReasons":[],"startAt":1775380398153,"status":"passed","title":"GET /api/seller/products rejects non-seller users"},{"ancestorTitles":["seller api routes"],"duration":70,"failing":false,"failureDetails":[],"failureMessages":[],"fullName":"seller api routes POST /api/seller/products validates required fields","invocations":1,"location":null,"numPassingAsserts":2,"retryReasons":[],"startAt":1775380398227,"status":"passed","title":"POST /api/seller/products validates required fields"},{"ancestorTitles":["seller api routes"],"duration":76,"failing":false,"failureDetails":[],"failureMessages":[],"fullName":"seller api routes POST /api/seller/products creates a pending listing","invocations":1,"location":null,"numPassingAsserts":3,"retryReasons":[],"startAt":1775380398297,"status":"passed","title":"POST /api/seller/products creates a pending listing"}],"endTime":1775380398374,"message":"","name":"/home/ragederp/Desktop/boom2/boom5/ecom-project/__tests__/seller.api.test.js","startTime":1775380397975,"status":"passed","summary":""},{"assertionResults":[{"ancestorTitles":["public routes"],"duration":39,"failing":false,"failureDetails":[],"failureMessages":[],"fullName":"public routes GET / returns the landing page","invocations":1,"location":null,"numPassingAsserts":2,"retryReasons":[],"startAt":1775380398599,"status":"passed","title":"GET / returns the landing page"},{"ancestorTitles":["public routes"],"duration":7,"failing":false,"failureDetails":[],"failureMessages":[],"fullName":"public routes GET /login returns the login page","invocations":1,"location":null,"numPassingAsserts":2,"retryReasons":[],"startAt":1775380398639,"status":"passed","title":"GET /login returns the login page"},{"ancestorTitles":["public routes"],"duration":9,"failing":false,"failureDetails":[],"failureMessages":[],"fullName":"public routes GET /register returns the registration page","invocations":1,"location":null,"numPassingAsserts":2,"retryReasons":[],"startAt":1775380398646,"status":"passed","title":"GET /register returns the registration page"},{"ancestorTitles":["public routes"],"duration":6,"failing":false,"failureDetails":[],"failureMessages":[],"fullName":"public routes GET /denied returns 403","invocations":1,"location":null,"numPassingAsserts":2,"retryReasons":[],"startAt":1775380398655,"status":"passed","title":"GET /denied returns 403"}],"endTime":1775380398661,"message":"","name":"/home/ragederp/Desktop/boom2/boom5/ecom-project/__tests__/public.routes.test.js","startTime":1775380398383,"status":"passed","summary":""}],"wasInterrupted":false}
