{"numFailedTestSuites":0,"numFailedTests":0,"numPassedTestSuites":7,"numPassedTests":76,"numPendingTestSuites":0,"numPendingTests":0,"numRuntimeErrorTestSuites":0,"numTodoTests":0,"numTotalTestSuites":7,"numTotalTests":76,"openHandles":[],"snapshot":{"added":0,"didUpdate":false,"failure":false,"filesAdded":0,"filesRemoved":0,"filesRemovedList":[],"filesUnmatched":0,"filesUpdated":0,"matched":0,"total":0,"unchecked":0,"uncheckedKeysByFile":[],"unmatched":0,"updated":0},"startTime":1777697593168,"success":true,"testResults":[{"assertionResults":[{"ancestorTitles":["buyer api routes"],"duration":425,"failing":false,"failureDetails":[],"failureMessages":[],"fullName":"buyer api routes GET /api/buyer/products returns listed products for buyers","invocations":1,"location":null,"numPassingAsserts":3,"retryReasons":[],"startAt":1777697594381,"status":"passed","title":"GET /api/buyer/products returns listed products for buyers"},{"ancestorTitles":["buyer api routes"],"duration":99,"failing":false,"failureDetails":[],"failureMessages":[],"fullName":"buyer api routes GET /api/buyer/products applies product search while preserving visibility filters","invocations":1,"location":null,"numPassingAsserts":2,"retryReasons":[],"startAt":1777697594807,"status":"passed","title":"GET /api/buyer/products applies product search while preserving visibility filters"},{"ancestorTitles":["buyer api routes"],"duration":41,"failing":false,"failureDetails":[],"failureMessages":[],"fullName":"buyer api routes GET /api/buyer/products/:id returns a specific listed product","invocations":1,"location":null,"numPassingAsserts":3,"retryReasons":[],"startAt":1777697594907,"status":"passed","title":"GET /api/buyer/products/:id returns a specific listed product"},{"ancestorTitles":["buyer api routes"],"duration":64,"failing":false,"failureDetails":[],"failureMessages":[],"fullName":"buyer api routes GET /api/buyer/random_access returns one random visible product","invocations":1,"location":null,"numPassingAsserts":3,"retryReasons":[],"startAt":1777697594948,"status":"passed","title":"GET /api/buyer/random_access returns one random visible product"},{"ancestorTitles":["buyer api routes"],"duration":73,"failing":false,"failureDetails":[],"failureMessages":[],"fullName":"buyer api routes GET /api/buyer/random_access returns 404 when no products are visible","invocations":1,"location":null,"numPassingAsserts":2,"retryReasons":[],"startAt":1777697595012,"status":"passed","title":"GET /api/buyer/random_access returns 404 when no products are visible"},{"ancestorTitles":["buyer api routes"],"duration":43,"failing":false,"failureDetails":[],"failureMessages":[],"fullName":"buyer api routes GET /api/buyer/products rejects unauthenticated requests","invocations":1,"location":null,"numPassingAsserts":2,"retryReasons":[],"startAt":1777697595085,"status":"passed","title":"GET /api/buyer/products rejects unauthenticated requests"},{"ancestorTitles":["buyer api routes"],"duration":34,"failing":false,"failureDetails":[],"failureMessages":[],"fullName":"buyer api routes GET /api/buyer/products rejects non-buyer users","invocations":1,"location":null,"numPassingAsserts":2,"retryReasons":[],"startAt":1777697595128,"status":"passed","title":"GET /api/buyer/products rejects non-buyer users"},{"ancestorTitles":["buyer api routes"],"duration":78,"failing":false,"failureDetails":[],"failureMessages":[],"fullName":"buyer api routes POST /api/buyer/cart validates product and quantity","invocations":1,"location":null,"numPassingAsserts":2,"retryReasons":[],"startAt":1777697595163,"status":"passed","title":"POST /api/buyer/cart validates product and quantity"},{"ancestorTitles":["buyer api routes"],"duration":60,"failing":false,"failureDetails":[],"failureMessages":[],"fullName":"buyer api routes GET /api/buyer/cart returns cart totals for the current buyer","invocations":1,"location":null,"numPassingAsserts":7,"retryReasons":[],"startAt":1777697595241,"status":"passed","title":"GET /api/buyer/cart returns cart totals for the current buyer"},{"ancestorTitles":["buyer api routes"],"duration":60,"failing":false,"failureDetails":[],"failureMessages":[],"fullName":"buyer api routes GET /api/buyer/orders/:id returns an order for the current buyer","invocations":1,"location":null,"numPassingAsserts":2,"retryReasons":[],"startAt":1777697595303,"status":"passed","title":"GET /api/buyer/orders/:id returns an order for the current buyer"},{"ancestorTitles":["buyer api routes"],"duration":75,"failing":false,"failureDetails":[],"failureMessages":[],"fullName":"buyer api routes GET /api/buyer/orders returns paginated order history for the current buyer","invocations":1,"location":null,"numPassingAsserts":4,"retryReasons":[],"startAt":1777697595363,"status":"passed","title":"GET /api/buyer/orders returns paginated order history for the current buyer"},{"ancestorTitles":["buyer api routes"],"duration":53,"failing":false,"failureDetails":[],"failureMessages":[],"fullName":"buyer api routes GET /api/buyer/orders/:id returns 404 for another buyer order","invocations":1,"location":null,"numPassingAsserts":3,"retryReasons":[],"startAt":1777697595438,"status":"passed","title":"GET /api/buyer/orders/:id returns 404 for another buyer order"},{"ancestorTitles":["buyer api routes"],"duration":113,"failing":false,"failureDetails":[],"failureMessages":[],"fullName":"buyer api routes POST /api/buyer/orders/:orderId/items/:itemId/returns submits a return request","invocations":1,"location":null,"numPassingAsserts":4,"retryReasons":[],"startAt":1777697595492,"status":"passed","title":"POST /api/buyer/orders/:orderId/items/:itemId/returns submits a return request"},{"ancestorTitles":["buyer api routes"],"duration":53,"failing":false,"failureDetails":[],"failureMessages":[],"fullName":"buyer api routes POST /api/buyer/orders/:orderId/items/:itemId/returns rejects duplicate return requests","invocations":1,"location":null,"numPassingAsserts":2,"retryReasons":[],"startAt":1777697595605,"status":"passed","title":"POST /api/buyer/orders/:orderId/items/:itemId/returns rejects duplicate return requests"},{"ancestorTitles":["buyer api routes"],"duration":48,"failing":false,"failureDetails":[],"failureMessages":[],"fullName":"buyer api routes GET /api/buyer/compare returns the comparison list for the current buyer","invocations":1,"location":null,"numPassingAsserts":3,"retryReasons":[],"startAt":1777697595658,"status":"passed","title":"GET /api/buyer/compare returns the comparison list for the current buyer"},{"ancestorTitles":["buyer api routes"],"duration":47,"failing":false,"failureDetails":[],"failureMessages":[],"fullName":"buyer api routes POST /api/buyer/cart adds an available product to cart","invocations":1,"location":null,"numPassingAsserts":3,"retryReasons":[],"startAt":1777697595707,"status":"passed","title":"POST /api/buyer/cart adds an available product to cart"},{"ancestorTitles":["buyer api routes"],"duration":92,"failing":false,"failureDetails":[],"failureMessages":[],"fullName":"buyer api routes POST /api/buyer/compare validates the product id","invocations":1,"location":null,"numPassingAsserts":2,"retryReasons":[],"startAt":1777697595754,"status":"passed","title":"POST /api/buyer/compare validates the product id"},{"ancestorTitles":["buyer api routes"],"duration":50,"failing":false,"failureDetails":[],"failureMessages":[],"fullName":"buyer api routes POST /api/buyer/compare adds an available product to the comparison list","invocations":1,"location":null,"numPassingAsserts":3,"retryReasons":[],"startAt":1777697595847,"status":"passed","title":"POST /api/buyer/compare adds an available product to the comparison list"},{"ancestorTitles":["buyer api routes"],"duration":44,"failing":false,"failureDetails":[],"failureMessages":[],"fullName":"buyer api routes POST /api/buyer/cart/:id/remove removes an existing cart item","invocations":1,"location":null,"numPassingAsserts":3,"retryReasons":[],"startAt":1777697595897,"status":"passed","title":"POST /api/buyer/cart/:id/remove removes an existing cart item"},{"ancestorTitles":["buyer api routes"],"duration":40,"failing":false,"failureDetails":[],"failureMessages":[],"fullName":"buyer api routes POST /api/buyer/compare/:id/remove removes an existing comparison item","invocations":1,"location":null,"numPassingAsserts":3,"retryReasons":[],"startAt":1777697595941,"status":"passed","title":"POST /api/buyer/compare/:id/remove removes an existing comparison item"},{"ancestorTitles":["buyer api routes"],"duration":66,"failing":false,"failureDetails":[],"failureMessages":[],"fullName":"buyer api routes POST /api/buyer/checkout requires a complete shipping address","invocations":1,"location":null,"numPassingAsserts":2,"retryReasons":[],"startAt":1777697595982,"status":"passed","title":"POST /api/buyer/checkout requires a complete shipping address"},{"ancestorTitles":["buyer api routes"],"duration":52,"failing":false,"failureDetails":[],"failureMessages":[],"fullName":"buyer api routes POST /api/buyer/checkout creates an order with shipping data and triggers seller webhooks","invocations":1,"location":null,"numPassingAsserts":7,"retryReasons":[],"startAt":1777697596048,"status":"passed","title":"POST /api/buyer/checkout creates an order with shipping data and triggers seller webhooks"}],"endTime":1777697596103,"message":"","name":"/home/ragederp/Desktop/boom2/boom5/ecom-project/__tests__/buyer.api.test.js","startTime":1777697593332,"status":"passed","summary":""},{"assertionResults":[{"ancestorTitles":["protected routes"],"duration":144,"failing":false,"failureDetails":[],"failureMessages":[],"fullName":"protected routes unauthenticated GET /buyer/home redirects to /login","invocations":1,"location":null,"numPassingAsserts":2,"retryReasons":[],"startAt":1777697596447,"status":"passed","title":"unauthenticated GET /buyer/home redirects to /login"},{"ancestorTitles":["protected routes"],"duration":67,"failing":false,"failureDetails":[],"failureMessages":[],"fullName":"protected routes authenticated buyer can access /buyer/home","invocations":1,"location":null,"numPassingAsserts":2,"retryReasons":[],"startAt":1777697596591,"status":"passed","title":"authenticated buyer can access /buyer/home"},{"ancestorTitles":["protected routes"],"duration":160,"failing":false,"failureDetails":[],"failureMessages":[],"fullName":"protected routes authenticated seller is redirected away from /buyer/home","invocations":1,"location":null,"numPassingAsserts":2,"retryReasons":[],"startAt":1777697596659,"status":"passed","title":"authenticated seller is redirected away from /buyer/home"},{"ancestorTitles":["protected routes"],"duration":48,"failing":false,"failureDetails":[],"failureMessages":[],"fullName":"protected routes authenticated admin can access /admin","invocations":1,"location":null,"numPassingAsserts":2,"retryReasons":[],"startAt":1777697596819,"status":"passed","title":"authenticated admin can access /admin"},{"ancestorTitles":["protected routes"],"duration":70,"failing":false,"failureDetails":[],"failureMessages":[],"fullName":"protected routes authenticated super-admin can access /admin","invocations":1,"location":null,"numPassingAsserts":2,"retryReasons":[],"startAt":1777697596868,"status":"passed","title":"authenticated super-admin can access /admin"},{"ancestorTitles":["protected routes"],"duration":100,"failing":false,"failureDetails":[],"failureMessages":[],"fullName":"protected routes authenticated admin can access /admin/sub","invocations":1,"location":null,"numPassingAsserts":2,"retryReasons":[],"startAt":1777697596939,"status":"passed","title":"authenticated admin can access /admin/sub"},{"ancestorTitles":["protected routes"],"duration":77,"failing":false,"failureDetails":[],"failureMessages":[],"fullName":"protected routes authenticated admin can access /admin/audit","invocations":1,"location":null,"numPassingAsserts":2,"retryReasons":[],"startAt":1777697597039,"status":"passed","title":"authenticated admin can access /admin/audit"},{"ancestorTitles":["protected routes"],"duration":67,"failing":false,"failureDetails":[],"failureMessages":[],"fullName":"protected routes authenticated admin can access /admin/classic","invocations":1,"location":null,"numPassingAsserts":2,"retryReasons":[],"startAt":1777697597116,"status":"passed","title":"authenticated admin can access /admin/classic"},{"ancestorTitles":["protected routes"],"duration":60,"failing":false,"failureDetails":[],"failureMessages":[],"fullName":"protected routes authenticated seller can access /seller/home","invocations":1,"location":null,"numPassingAsserts":2,"retryReasons":[],"startAt":1777697597183,"status":"passed","title":"authenticated seller can access /seller/home"},{"ancestorTitles":["protected routes"],"duration":37,"failing":false,"failureDetails":[],"failureMessages":[],"fullName":"protected routes authenticated seller can access /seller/inventory","invocations":1,"location":null,"numPassingAsserts":2,"retryReasons":[],"startAt":1777697597243,"status":"passed","title":"authenticated seller can access /seller/inventory"},{"ancestorTitles":["protected routes"],"duration":61,"failing":false,"failureDetails":[],"failureMessages":[],"fullName":"protected routes authenticated seller can access /seller/classic/home","invocations":1,"location":null,"numPassingAsserts":2,"retryReasons":[],"startAt":1777697597280,"status":"passed","title":"authenticated seller can access /seller/classic/home"},{"ancestorTitles":["protected routes"],"duration":48,"failing":false,"failureDetails":[],"failureMessages":[],"fullName":"protected routes authenticated buyer can access /buyer/classic/home","invocations":1,"location":null,"numPassingAsserts":2,"retryReasons":[],"startAt":1777697597341,"status":"passed","title":"authenticated buyer can access /buyer/classic/home"},{"ancestorTitles":["protected routes"],"duration":58,"failing":false,"failureDetails":[],"failureMessages":[],"fullName":"protected routes authenticated buyer can access /buyer/cart","invocations":1,"location":null,"numPassingAsserts":2,"retryReasons":[],"startAt":1777697597390,"status":"passed","title":"authenticated buyer can access /buyer/cart"},{"ancestorTitles":["protected routes"],"duration":79,"failing":false,"failureDetails":[],"failureMessages":[],"fullName":"protected routes authenticated buyer can access /buyer/checkout","invocations":1,"location":null,"numPassingAsserts":2,"retryReasons":[],"startAt":1777697597448,"status":"passed","title":"authenticated buyer can access /buyer/checkout"},{"ancestorTitles":["protected routes"],"duration":61,"failing":false,"failureDetails":[],"failureMessages":[],"fullName":"protected routes authenticated buyer can access /buyer/products/42","invocations":1,"location":null,"numPassingAsserts":2,"retryReasons":[],"startAt":1777697597527,"status":"passed","title":"authenticated buyer can access /buyer/products/42"},{"ancestorTitles":["protected routes"],"duration":88,"failing":false,"failureDetails":[],"failureMessages":[],"fullName":"protected routes authenticated buyer can access /buyer/orders/42/confirmation","invocations":1,"location":null,"numPassingAsserts":2,"retryReasons":[],"startAt":1777697597588,"status":"passed","title":"authenticated buyer can access /buyer/orders/42/confirmation"},{"ancestorTitles":["protected routes"],"duration":59,"failing":false,"failureDetails":[],"failureMessages":[],"fullName":"protected routes authenticated buyer can access /buyer/orders","invocations":1,"location":null,"numPassingAsserts":2,"retryReasons":[],"startAt":1777697597677,"status":"passed","title":"authenticated buyer can access /buyer/orders"}],"endTime":1777697597747,"message":"","name":"/home/ragederp/Desktop/boom2/boom5/ecom-project/__tests__/protected.routes.test.js","startTime":1777697596148,"status":"passed","summary":""},{"assertionResults":[{"ancestorTitles":["seller api routes"],"duration":47,"failing":false,"failureDetails":[],"failureMessages":[],"fullName":"seller api routes GET /api/seller/products returns products for authenticated sellers","invocations":1,"location":null,"numPassingAsserts":3,"retryReasons":[],"startAt":1777697598042,"status":"passed","title":"GET /api/seller/products returns products for authenticated sellers"},{"ancestorTitles":["seller api routes"],"duration":109,"failing":false,"failureDetails":[],"failureMessages":[],"fullName":"seller api routes GET /api/seller/products rejects non-seller users","invocations":1,"location":null,"numPassingAsserts":2,"retryReasons":[],"startAt":1777697598089,"status":"passed","title":"GET /api/seller/products rejects non-seller users"},{"ancestorTitles":["seller api routes"],"duration":107,"failing":false,"failureDetails":[],"failureMessages":[],"fullName":"seller api routes GET /api/seller/sales returns sales and summary for authenticated sellers","invocations":1,"location":null,"numPassingAsserts":4,"retryReasons":[],"startAt":1777697598198,"status":"passed","title":"GET /api/seller/sales returns sales and summary for authenticated sellers"},{"ancestorTitles":["seller api routes"],"duration":46,"failing":false,"failureDetails":[],"failureMessages":[],"fullName":"seller api routes GET /api/seller/sales rejects non-seller users","invocations":1,"location":null,"numPassingAsserts":2,"retryReasons":[],"startAt":1777697598306,"status":"passed","title":"GET /api/seller/sales rejects non-seller users"},{"ancestorTitles":["seller api routes"],"duration":42,"failing":false,"failureDetails":[],"failureMessages":[],"fullName":"seller api routes GET /api/seller/returns returns return requests for seller order items","invocations":1,"location":null,"numPassingAsserts":3,"retryReasons":[],"startAt":1777697598352,"status":"passed","title":"GET /api/seller/returns returns return requests for seller order items"},{"ancestorTitles":["seller api routes"],"duration":74,"failing":false,"failureDetails":[],"failureMessages":[],"fullName":"seller api routes POST /api/seller/returns/:id/status updates a seller return request","invocations":1,"location":null,"numPassingAsserts":4,"retryReasons":[],"startAt":1777697598394,"status":"passed","title":"POST /api/seller/returns/:id/status updates a seller return request"},{"ancestorTitles":["seller api routes"],"duration":41,"failing":false,"failureDetails":[],"failureMessages":[],"fullName":"seller api routes POST /api/seller/products validates required fields","invocations":1,"location":null,"numPassingAsserts":2,"retryReasons":[],"startAt":1777697598468,"status":"passed","title":"POST /api/seller/products validates required fields"},{"ancestorTitles":["seller api routes"],"duration":32,"failing":false,"failureDetails":[],"failureMessages":[],"fullName":"seller api routes POST /api/seller/products creates a pending listing","invocations":1,"location":null,"numPassingAsserts":3,"retryReasons":[],"startAt":1777697598509,"status":"passed","title":"POST /api/seller/products creates a pending listing"},{"ancestorTitles":["seller api routes"],"duration":31,"failing":false,"failureDetails":[],"failureMessages":[],"fullName":"seller api routes POST /api/seller/products rejects unsupported product image data","invocations":1,"location":null,"numPassingAsserts":2,"retryReasons":[],"startAt":1777697598541,"status":"passed","title":"POST /api/seller/products rejects unsupported product image data"},{"ancestorTitles":["seller api routes"],"duration":36,"failing":false,"failureDetails":[],"failureMessages":[],"fullName":"seller api routes GET /api/seller/webhook returns the current seller webhook configuration","invocations":1,"location":null,"numPassingAsserts":2,"retryReasons":[],"startAt":1777697598572,"status":"passed","title":"GET /api/seller/webhook returns the current seller webhook configuration"},{"ancestorTitles":["seller api routes"],"duration":34,"failing":false,"failureDetails":[],"failureMessages":[],"fullName":"seller api routes PUT /api/seller/webhook validates active webhook configuration","invocations":1,"location":null,"numPassingAsserts":2,"retryReasons":[],"startAt":1777697598608,"status":"passed","title":"PUT /api/seller/webhook validates active webhook configuration"},{"ancestorTitles":["seller api routes"],"duration":43,"failing":false,"failureDetails":[],"failureMessages":[],"fullName":"seller api routes PUT /api/seller/webhook saves seller webhook configuration","invocations":1,"location":null,"numPassingAsserts":3,"retryReasons":[],"startAt":1777697598642,"status":"passed","title":"PUT /api/seller/webhook saves seller webhook configuration"},{"ancestorTitles":["seller api routes"],"duration":36,"failing":false,"failureDetails":[],"failureMessages":[],"fullName":"seller api routes GET /api/seller/wallet returns wallet, bank, and recent payouts","invocations":1,"location":null,"numPassingAsserts":5,"retryReasons":[],"startAt":1777697598685,"status":"passed","title":"GET /api/seller/wallet returns wallet, bank, and recent payouts"},{"ancestorTitles":["seller api routes"],"duration":34,"failing":false,"failureDetails":[],"failureMessages":[],"fullName":"seller api routes PUT /api/seller/wallet/bank-account saves mock bank details as last-four values","invocations":1,"location":null,"numPassingAsserts":3,"retryReasons":[],"startAt":1777697598721,"status":"passed","title":"PUT /api/seller/wallet/bank-account saves mock bank details as last-four values"},{"ancestorTitles":["seller api routes"],"duration":31,"failing":false,"failureDetails":[],"failureMessages":[],"fullName":"seller api routes POST /api/seller/wallet/payouts requires saved mock bank details","invocations":1,"location":null,"numPassingAsserts":2,"retryReasons":[],"startAt":1777697598755,"status":"passed","title":"POST /api/seller/wallet/payouts requires saved mock bank details"},{"ancestorTitles":["seller api routes"],"duration":39,"failing":false,"failureDetails":[],"failureMessages":[],"fullName":"seller api routes POST /api/seller/wallet/payouts withdraws from wallet balance","invocations":1,"location":null,"numPassingAsserts":4,"retryReasons":[],"startAt":1777697598786,"status":"passed","title":"POST /api/seller/wallet/payouts withdraws from wallet balance"}],"endTime":1777697598825,"message":"","name":"/home/ragederp/Desktop/boom2/boom5/ecom-project/__tests__/seller.api.test.js","startTime":1777697597756,"status":"passed","summary":""},{"assertionResults":[{"ancestorTitles":["database integration"],"duration":349,"failing":false,"failureDetails":[],"failureMessages":[],"fullName":"database integration GET /test returns users from the real database","invocations":1,"location":null,"numPassingAsserts":3,"retryReasons":[],"startAt":1777697598926,"status":"passed","title":"GET /test returns users from the real database"},{"ancestorTitles":["database integration"],"duration":290,"failing":false,"failureDetails":[],"failureMessages":[],"fullName":"database integration POST /api/login authenticates a real database user and stores a token","invocations":1,"location":null,"numPassingAsserts":5,"retryReasons":[],"startAt":1777697599284,"status":"passed","title":"POST /api/login authenticates a real database user and stores a token"},{"ancestorTitles":["database integration"],"duration":221,"failing":false,"failureDetails":[],"failureMessages":[],"fullName":"database integration POST /api/login rejects an invalid password for a real database user","invocations":1,"location":null,"numPassingAsserts":3,"retryReasons":[],"startAt":1777697599574,"status":"passed","title":"POST /api/login rejects an invalid password for a real database user"},{"ancestorTitles":["database integration"],"duration":116,"failing":false,"failureDetails":[],"failureMessages":[],"fullName":"database integration POST /api/register creates a new user in the real database","invocations":1,"location":null,"numPassingAsserts":7,"retryReasons":[],"startAt":1777697599796,"status":"passed","title":"POST /api/register creates a new user in the real database"},{"ancestorTitles":["database integration"],"duration":15,"failing":false,"failureDetails":[],"failureMessages":[],"fullName":"database integration POST /api/register rejects privileged roles","invocations":1,"location":null,"numPassingAsserts":3,"retryReasons":[],"startAt":1777697599912,"status":"passed","title":"POST /api/register rejects privileged roles"}],"endTime":1777697599931,"message":"","name":"/home/ragederp/Desktop/boom2/boom5/ecom-project/__tests__/database.integration.test.js","startTime":1777697598835,"status":"passed","summary":""},{"assertionResults":[{"ancestorTitles":["admin api routes"],"duration":45,"failing":false,"failureDetails":[],"failureMessages":[],"fullName":"admin api routes GET /api/admin/audit-logs returns recent audit entries for admins","invocations":1,"location":null,"numPassingAsserts":2,"retryReasons":[],"startAt":1777697600002,"status":"passed","title":"GET /api/admin/audit-logs returns recent audit entries for admins"},{"ancestorTitles":["admin api routes"],"duration":33,"failing":false,"failureDetails":[],"failureMessages":[],"fullName":"admin api routes POST /api/admin/ban-user/:id bans a user","invocations":1,"location":null,"numPassingAsserts":2,"retryReasons":[],"startAt":1777697600047,"status":"passed","title":"POST /api/admin/ban-user/:id bans a user"},{"ancestorTitles":["admin api routes"],"duration":44,"failing":false,"failureDetails":[],"failureMessages":[],"fullName":"admin api routes POST /api/admin/ban-user/:id rejects self-ban attempts","invocations":1,"location":null,"numPassingAsserts":3,"retryReasons":[],"startAt":1777697600081,"status":"passed","title":"POST /api/admin/ban-user/:id rejects self-ban attempts"},{"ancestorTitles":["admin api routes"],"duration":37,"failing":false,"failureDetails":[],"failureMessages":[],"fullName":"admin api routes POST /api/admin/block-user/:id rejects self-block attempts","invocations":1,"location":null,"numPassingAsserts":3,"retryReasons":[],"startAt":1777697600125,"status":"passed","title":"POST /api/admin/block-user/:id rejects self-block attempts"},{"ancestorTitles":["admin api routes"],"duration":67,"failing":false,"failureDetails":[],"failureMessages":[],"fullName":"admin api routes POST /api/admin/ban-user/:id rejects attempts to ban another admin","invocations":1,"location":null,"numPassingAsserts":3,"retryReasons":[],"startAt":1777697600162,"status":"passed","title":"POST /api/admin/ban-user/:id rejects attempts to ban another admin"},{"ancestorTitles":["admin api routes"],"duration":44,"failing":false,"failureDetails":[],"failureMessages":[],"fullName":"admin api routes POST /api/admin/block-user/:id rejects attempts to block another admin","invocations":1,"location":null,"numPassingAsserts":3,"retryReasons":[],"startAt":1777697600229,"status":"passed","title":"POST /api/admin/block-user/:id rejects attempts to block another admin"},{"ancestorTitles":["admin api routes"],"duration":39,"failing":false,"failureDetails":[],"failureMessages":[],"fullName":"admin api routes POST /api/admin/ban-user/:id allows super-admin to ban an admin account","invocations":1,"location":null,"numPassingAsserts":2,"retryReasons":[],"startAt":1777697600273,"status":"passed","title":"POST /api/admin/ban-user/:id allows super-admin to ban an admin account"},{"ancestorTitles":["admin api routes"],"duration":43,"failing":false,"failureDetails":[],"failureMessages":[],"fullName":"admin api routes POST /api/admin/block-user/:id allows super-admin to block an admin account","invocations":1,"location":null,"numPassingAsserts":2,"retryReasons":[],"startAt":1777697600313,"status":"passed","title":"POST /api/admin/block-user/:id allows super-admin to block an admin account"},{"ancestorTitles":["admin api routes"],"duration":32,"failing":false,"failureDetails":[],"failureMessages":[],"fullName":"admin api routes POST /api/admin/ban-user/:id rejects super-admin self-ban attempts","invocations":1,"location":null,"numPassingAsserts":3,"retryReasons":[],"startAt":1777697600356,"status":"passed","title":"POST /api/admin/ban-user/:id rejects super-admin self-ban attempts"},{"ancestorTitles":["admin api routes"],"duration":49,"failing":false,"failureDetails":[],"failureMessages":[],"fullName":"admin api routes GET /api/admin/users returns paginated user data","invocations":1,"location":null,"numPassingAsserts":4,"retryReasons":[],"startAt":1777697600388,"status":"passed","title":"GET /api/admin/users returns paginated user data"}],"endTime":1777697600438,"message":"","name":"/home/ragederp/Desktop/boom2/boom5/ecom-project/__tests__/admin.api.test.js","startTime":1777697599938,"status":"passed","summary":""},{"assertionResults":[{"ancestorTitles":["public routes"],"duration":19,"failing":false,"failureDetails":[],"failureMessages":[],"fullName":"public routes GET / returns the landing page","invocations":1,"location":null,"numPassingAsserts":2,"retryReasons":[],"startAt":1777697600574,"status":"passed","title":"GET / returns the landing page"},{"ancestorTitles":["public routes"],"duration":93,"failing":false,"failureDetails":[],"failureMessages":[],"fullName":"public routes GET /login returns the login page","invocations":1,"location":null,"numPassingAsserts":2,"retryReasons":[],"startAt":1777697600593,"status":"passed","title":"GET /login returns the login page"},{"ancestorTitles":["public routes"],"duration":8,"failing":false,"failureDetails":[],"failureMessages":[],"fullName":"public routes GET /register returns the registration page","invocations":1,"location":null,"numPassingAsserts":2,"retryReasons":[],"startAt":1777697600691,"status":"passed","title":"GET /register returns the registration page"},{"ancestorTitles":["public routes"],"duration":5,"failing":false,"failureDetails":[],"failureMessages":[],"fullName":"public routes GET /denied returns 403","invocations":1,"location":null,"numPassingAsserts":2,"retryReasons":[],"startAt":1777697600699,"status":"passed","title":"GET /denied returns 403"}],"endTime":1777697600705,"message":"","name":"/home/ragederp/Desktop/boom2/boom5/ecom-project/__tests__/public.routes.test.js","startTime":1777697600447,"status":"passed","summary":""},{"assertionResults":[{"ancestorTitles":["buyer product handling"],"duration":15,"failing":false,"failureDetails":[],"failureMessages":[],"fullName":"buyer product handling randomAccess selects only listed, approved products from active sellers","invocations":1,"location":null,"numPassingAsserts":3,"retryReasons":[],"startAt":1777697600822,"status":"passed","title":"randomAccess selects only listed, approved products from active sellers"},{"ancestorTitles":["buyer product handling"],"duration":19,"failing":false,"failureDetails":[],"failureMessages":[],"fullName":"buyer product handling randomAccess returns null when no products are visible","invocations":1,"location":null,"numPassingAsserts":2,"retryReasons":[],"startAt":1777697600838,"status":"passed","title":"randomAccess returns null when no products are visible"}],"endTime":1777697600863,"message":"","name":"/home/ragederp/Desktop/boom2/boom5/ecom-project/__tests__/buyer.product_handling.test.js","startTime":1777697600722,"status":"passed","summary":""}],"wasInterrupted":false}
